[www.gcad.net/index.html]
[cdn.cookielaw.org/scripttemplates/otSDKStub.js]
[backblue.gif]
[fade.gif]
[index.html]
[www.gcad.net/sites/g/files/qhldwo10936/themes/site/themes/custom/otsuka_gcad/favicon.ico]
[www.gcad.net/sites/g/files/qhldwo10936/files/css/optimized/css_97htjIvQ15V1EfeTASftshiMIzLS36LIXVDogWwnlWQ.IJ5KA0xBsRRaiRPaWB6Sh9PN3WKo_EsNIYaw8SqYqYc81e2.css]
[www.gcad.net/sites/g/files/qhldwo10936/files/css/optimized/css_Zru9LBZ0sAXcjonUFHSutTAZkU-sNKpHr1JGBQ4FyU0.bkPvoFYCA2Lixa4KISvTdT3EKjCHiKrtKcE261byVx081e2.css]
[www.gcad.net/sites/g/files/qhldwo10936/files/css/optimized/css_kzULKG5pzGyNLykluQb5oDJTQPcLlJKzZ5imyM6J1h8.b9DwpaiAlb0lsM657D5Lniy-cPNAkk4Cxr45yy473q481e2.css]
[www.gcad.net/sites/g/files/qhldwo10936/files/css/optimized/css_uI2FntcPi0s7LE7aVRLFPdaOjEJ2AvgJxZxn7U_KEpU.uS1FFwOJYeXSeF3bIVSvkMkrHh5opqqW_F79rAx63B081e2.css]
[www.gcad.net/sites/g/files/qhldwo10936/files/css/optimized/css_LyrrR6JZO8eTCViUPzg899V1r3IBqMYsy9zQoA-d_xo.Awf46AhlxtFml2KQ8H4-E0dZzxzlJb1Ua0P5_ptOC4k81e2.css]
[www.gcad.net/sites/g/files/qhldwo10936/files/css/optimized/css_YuXFCqJ6Mh9c2Lz522vxxQKwCuYdi4B4eglcgrxGnjc.xk_yrolxl9EFVCS6-YD3__eEEiB4lkwtBVMLZeTfMbA81e2.css]
[www.gcad.net/sites/g/files/qhldwo10936/files/css/optimized/css_Awu9YtmWu_taaaaJKswYqKQEUWlATiU0b-9Ka6etFfU.pYA92qiAPS662AtCQt6lMeZYgkI683UmfkdP-4BIymA81e2.css]
[www.gcad.net/sites/g/files/qhldwo10936/files/css/optimized/css_yIJuzHvo1e460jlmqttlj52OMZk0ZV7QmKCy-1vP5ZI.qAT_vNKdppWlPfwRvdNPIJfErkIfxMw2j_eesucANOI81e2.css]
[www.gcad.net/sites/g/files/qhldwo10936/files/css/optimized/css_xnDYBl4OD9snX7Sf9EyJ9VkzRg71lff1OegyGLU8z1w.l_5ZkiCBh5EcPa_3_oVW7iVMoKNAq5rw47oEzn5A4uM81e2.css]
[www.gcad.net/sites/g/files/qhldwo10936/files/css/optimized/css_gfUtLDXi72df47AexuJ-vm_wJb2QkME0vEvBnJxO6dA.x5nsh_uKblK9k6iDq9xx7vDex30jZc5ML0YXij4JCf081e2.css]
[www.gcad.net/sites/g/files/qhldwo10936/files/css/optimized/css_CYXnyo1qFoxHAoBBNsSqN8PVNbP8sxeQ_LtauZ50Wgs.g1uXGwNn2HpE6NbJGbnMjYWIh7kyfoVz_UhSlBh2o3s81e2.css]
[www.gcad.net/sites/g/files/qhldwo10936/files/css/optimized/css_QF7anExUIQ9m7lRlQYpqk7QebuejK_k7Tyzw3UgZ-hg.PZJw_IXbQZH7i6WEC-FHNDBoI3_PTyzLEmC7wWy4oTU81e2.css]
[www.gcad.net/sites/g/files/qhldwo10936/files/css/optimized/css_7QllbjqoprdCwoIdo3V7DWqJKkTBOzMJn-xZmsutiww.8xdGy7dXc6zJNYRxgF4k0vgBhKloby5N-_V1MMOlg8A81e2.css]
[www.gcad.net/sites/g/files/qhldwo10936/files/css/optimized/css_hnJTGN1fzih_ZZssV428NML2NhpFxXlJrqaLNgE8CHo.F9pmb7LygmrpoeT1fXJA7PaAVf2oWybBXF5F5Eihki481e2.css]
[www.gcad.net/sites/g/files/qhldwo10936/files/css/optimized/css__13fw7LchbE-h7zw4b3GPIwiFWcaKaefv7L39uOe9so.KNMtBlCBCom77JyoWGB48Q3ueDS7rzZa_7XYX8jrDaA81e2.css]
[www.gcad.net/sites/g/files/qhldwo10936/files/css/optimized/css_0jPT-BWLonFoD1a1XPcxcniBn9WgukRnniaE-xYrMIs.eYuzxX6GcmG8wPZRhL7aCvvGdgilCJbuAMMEoRSvz4o81e2.css]
[www.gcad.net/sites/g/files/qhldwo10936/files/css/optimized/css_wcTRp4Ty5SGu4F6Mj_Src4xCVH1pAn1ZKdFhbgibbUI.Sk-ip5PYfIjxUJ83DbxAtt7sIYi2qRj5I2X4c7e8Vm081e2.css]
[www.gcad.net/sites/g/files/qhldwo10936/files/css/optimized/css_XYJeCymlgeYq2fA8gUC7CjnYFGGkur-vgRftab7u22k.kpMc62oK0cmz6PxvM1ud_W8MfI7jbwibsQJBwUKnj6o81e2.css]
[www.gcad.net/sites/g/files/qhldwo10936/files/css/optimized/css_GbvmbJJu3etNuvRxzgpArn9FbrGIPob5sKfVZm03KVw.b0Zuw7zuYwqRxAI1V79cTc_023d639V2bQ6KyuEtbY081e2.css]
[www.gcad.net/sites/g/files/qhldwo10936/files/css/optimized/css_Q6hS9heFRWwmGWvo9WsD_D6nDHdUaUnYt6sC6_oX9L8.KZBkzzAnxe-rSrbfNF3hMC36Vi24PspRllNxk4SA9Ww81e2.css]
[www.gcad.net/sites/g/files/qhldwo10936/files/css/optimized/css_41w6dBZ448pJSogyLgoToui9MDm8KnZHhhxIUFUonds.PQ-2T_xzJKQYbbkpGgIM9A4s115DO680EaZM47Z16XI81e2.css]
[www.gcad.net/sites/g/files/qhldwo10936/files/css/optimized/css_JCU_zSqQm3rvBIXWevl-Uch6AS6Fms27h_AxAbdSM2A.2mNgp1qsab5wdrSlpKLQv707xKZ0u6LnqctpgDVxkVk81e2.css]
[www.gcad.net/sites/g/files/qhldwo10936/files/css/optimized/css__7a65Qsn2GbI6R4HiSGaSbf2n93vUm8S71hKr7aus8Y.0Qb5zpcCHmzpoF5ZOnDsfklWZn6rg3JsnrG0c7cJ-4481e2.css]
[www.gcad.net/sites/g/files/qhldwo10936/files/css/optimized/css_PRpLCpZQr4zTfafBQvuU6Ai1fdWr3UHToA3uiawHjkM.fLPfLB0XwmNrMgpuaRfK4T-BBNy7nDIXycFgFzdHoEQ81e2.css]
[www.gcad.net/sites/g/files/qhldwo10936/files/css/optimized/css_Z-5TKx9kThxW5rYM3vQRCBc8GEdIN_NvKS9iqhDQafw.RyxC-gT9frmBMijOhY3C3K32AabFm7-q9HkDsnP6XHU81e2.css]
[www.gcad.net/sites/g/files/qhldwo10936/files/css/optimized/css_J1lQYKYhpIiK8P4eGYJvqHE2PPBW6oId9rGfX7rFUiw.qRl6AMEfxdNg-zeeUUD1GjzMIpwP1nPX8-wq_uTiFII81e2.css]
[www.gcad.net/sites/g/files/qhldwo10936/files/css/optimized/css_Q7zLgQvyD3dkOHXnT2wFwjtThfQupYWs-a29sqLPi4I.NBaa9xsCtF_rCNvid3JjjAs77Sb-JtnwFbAZvmTkOJs81e2.css]
[www.gcad.net/sites/g/files/qhldwo10936/files/css/optimized/css_B_2jVuT6jLLyb7aSeSEqk36PnVz0mEI5zK7uqVBaJLw.smsRBGGy-MttVliRuPwj_TEI4mBHLeiSE32C0BkTq6M81e2.css]
[www.gcad.net/sites/g/files/qhldwo10936/files/css/optimized/css_kJqax_RkZBAk2I3Nq_rTD9LHc0oMwWKlanYK42ORIfM.zTSiciBJCN04ULznc2T1MWG59Py-6ONyTHVVm-YCHX481e2.css]
[www.gcad.net/sites/g/files/qhldwo10936/files/css/optimized/css_CSxE5qYkqMlaVhFB0jJAM-86GAsfAnl0wrovl4NfFG0.DaUM_zVwiieQ2sBFfs3D5S48gRyu-TwnT7PzlOfotr881e2.css]
[www.gcad.net/sites/g/files/qhldwo10936/files/css/optimized/css_Ts6R3PZ23i51RrkqO2kHiOkmMjtHXc4LAxymrkRYHJU.aDAH_auKRbY7hJrg3kPo67gUx-0XL8m80toxeBhSIgk81e2.css]
[www.gcad.net/sites/g/files/qhldwo10936/files/css/optimized/css_NrhZksH0mpB_Z1mEG3JAAVlhorj_vR53sBr8CbnXrt8.pIHdqyXYdCBq8fVzcRXbcwNqGb-JxClilipvdPEDYgg81e2.css]
[www.gcad.net/sites/g/files/qhldwo10936/files/css/optimized/css_6qC19qpLmnu6cATcAftXQxBkKC8Q_sYV_nHJ4v9BjZ8.CYi2dzVNhTkNUB6lRfHiHC_lDkaLul6MPkEBHxCPmsA81e2.css]
[www.gcad.net/sites/g/files/qhldwo10936/files/js/optimized/js_dxIVcwvQ00owLGoUGPTfRYXU-T5rnj8Xi0cXfb3Kn58._JqT3SQfawRcv_BIHPThkBvs0OEvtFFmqPF_lYI_Cxod734.js]
[www.gcad.net/sites/g/files/qhldwo10936/files/js/optimized/js_w0iO3No0CsyHgJmryEbhwpkh5zx6m6dhvawBt4ufwyA.HRN_m4FplP890kDvBJQuv0fEgTHDKwrMZA2zBldV1JYf700.js]
[www.gcad.net/sites/g/files/qhldwo10936/files/js/optimized/js_Hpe5jrMuKXrV4HSTMApXJsNBxraAgcHUrTjxkwWKqy8.9H1W9OQqD9V27idEVOJMCFAQtGS4Scq-gAQciKr0U2Mfe04.js]
[www.gcad.net/sites/g/files/qhldwo10936/files/js/optimized/js_V1oRQ-kJlXBZaEklOtPUe_1t8-l0RS94HJ3gsqxKikc.LMtm7OsF5tFcpxpmBexOddu30l-Xz-FUCSBPovfiEt8fe04.js]
[www.gcad.net/sites/g/files/qhldwo10936/files/js/optimized/js_KRjtvzl6UujB23-j_sF6dqOcbqg2z8ej98A8RU9bGsg.kjk12BMQYgWzHTlTsh40oAfzJ1jsDD0rpt092h-M9ukfe04.js]
[www.gcad.net/sites/g/files/qhldwo10936/files/js/optimized/js_mjv4qhOv2_1-EQeYpZwvWqHcMokP3Cu36uHh9tRNXFY.CJF84Dv0PjH3KPaqgwzS-NJS45qPbXaVePB7UAw-uH8fe04.js]
[www.gcad.net/sites/g/files/qhldwo10936/files/js/optimized/js_rJQeYB7caXNCdmgzJ4t5f6f6CrVuk9_CJlqK8yDBzqk.QLD7mKey3phzumqz3uRKIHY2nqqKo_plzIfGrgeQ5Ycfe04.js]
[www.gcad.net/sites/g/files/qhldwo10936/files/js/optimized/js_pbrt6BW6zk2scxcVck6pKOhrsnS-4n6mdUeoPTfK2aM.F15X2YCXNVRiXJFw9bAWTN9GXU1HaAbvYHvOoFmnbLUfe04.js]
[www.gcad.net/sites/g/files/qhldwo10936/files/js/optimized/js_CbOM1f2ZQjSvD29Vzs3nHYsIjSyprydKvJ38uk-EKzQ.dAXI56pV2ZPn9QGfyd-mmPdBCd_VlavLN59BjPAgNOgfe04.js]
[www.gcad.net/sites/g/files/qhldwo10936/files/js/optimized/js_1_Qr-HDXqlP8qV9oE0Levmwx3Sc1ldDn6Q9QvWEYY6E.XXTdDFNiWNbao5RRs1Aq-_G2fwGOGtyrrBgSr48Pr6wfe04.js]
[www.gcad.net/sites/g/files/qhldwo10936/files/js/optimized/js_yt_B6-UYT74y4dRKoGQ9gfLb0O0RDb4vG2LIGOYlHq8.-UGjQblMTO_e3Grk02Go8eAWHwbL6GT0oAl-h-CgK5Qfe04.js]
[www.gcad.net/sites/g/files/qhldwo10936/files/js/optimized/js_OYMUXIYk_UxVlsQSqo3_hSK3aC6qbx7cz9wNrtTse48.D7Do9Gn7KAOch1JHc7ma8CZHkvZvUTPAc5nIoo3LX44fe04.js]
[www.gcad.net/sites/g/files/qhldwo10936/files/js/optimized/js_A7R00KDzeuDMEsk6DOs_s2ZrOjO5c23zgXuffR4Khqc.q6qxxfVF7-gZME3a3JPerO2q6sv01F6mQnVPwcmknYofe04.js]
[www.gcad.net/sites/g/files/qhldwo10936/files/js/optimized/js_4VhSX4lEyBg9lxgOnT6eUHtdfwq4GgGv6TSm_aWIhzc.msJZjs5u5RGmKA2fbhFxLGexUv1x2UOibCSs8rzkw1Ufe04.js]
[www.gcad.net/sites/g/files/qhldwo10936/files/js/optimized/js_VycJ3FTVVaVyhSCcLXYEaSJoilQ8WxeImUFAjqgR5Y8.ouOM0Q5oYPfUBV8lTR3cCyJG56DQNwRTOVgi8IFXBrAfe04.js]
[www.gcad.net/sites/g/files/qhldwo10936/files/js/optimized/js_QZ6R3WHZ2xvc16JcQ7QBGg7ZW5Q69JxQSKxhelKIbIE.rnfvk6uzW1ISnGjxzePWaH83MAcUkTOsSGF6xij2QAsfe04.js]
[www.gcad.net/sites/g/files/qhldwo10936/files/js/optimized/js_SpWiM_QFpYbnP3qrlmV1Aa2OGQVC1G0okd3jErKS1EI.Cz8_DwPQcpJrjdTZvBKdqWS7V0abyjGDgrVg6Diy3jkfe04.js]
[www.gcad.net/sites/g/files/qhldwo10936/files/js/optimized/js_shtMqRNOVBaAvLi9-CpiCI1loPsDLJlEM8e0qdxIyaA._ljAZbtHeBUPsD_JTpPHK9XLnZ-Bh8IIR0gfaERLf0kfe04.js]
[www.gcad.net/sites/g/files/qhldwo10936/files/js/optimized/js_J05cWfCFFxc6Ntk7FqEMfp2MqvFE0LYhqPR-d5pkpX4.eRBP0BbEW9K4axpZn5GrBrvbQysogv9ziF_qly6y9P0fe04.js]
[www.gcad.net/sites/g/files/qhldwo10936/files/js/optimized/js_XrfmCmDqLTCEPh8gnU8hVIYf5mJPXNeZp91Zu1g8f9Y.i3qujr4t4NUUzwk0bY4rUPAZgLDWLpH4I0Ht5U7c2Gsfe04.js]
[www.gcad.net/sites/g/files/qhldwo10936/files/js/optimized/js_DB1pt9EyFJ14MM4u0q_UUdhcwWPwrgl0M8Ao_U1cQKw.1HGXCu8xDCZ9D4t4OUEJBVbpMoVuuCDmld0Orcde48Ufe04.js]
[www.gcad.net/sites/g/files/qhldwo10936/files/js/optimized/js_xTMVqsdfgSLZsrDVnB0yeJ_u8fjPX7MQHI1nVihqNuE.7B-a0BsG-0oGVyrcfb37AxOKeNquBdl8lk3CyiHXfeUfe04.js]
[www.gcad.net/sites/g/files/qhldwo10936/files/js/optimized/js_gEmjNg-vrsVI816UzVFe6X3vlSx0FTpPgKUR0axgrXs.aT1b17yuuFOZ02MCX5ONYrorBiyoVdHn6EFMtlXyDCAfe04.js]
[www.gcad.net/sites/g/files/qhldwo10936/files/js/optimized/js_trjIfy6wGxnxz9PVSI8rA84dA6HxX_Lw5W4uUlw0Xs0.-KbTIsNarrWDUf2UHG7fElVJxl72-Pmuf_1NbApB5A0fe04.js]
[www.gcad.net/sites/g/files/qhldwo10936/files/js/optimized/js_2hr-YHySYMDuptPCwhH1H7CfNShEa93koPpOo_581D4.fU-RbWLSh2I8Ytqntu1-ArKZ9OVXly0tO-X8U0Ety6Ife04.js]
[www.gcad.net/sites/g/files/qhldwo10936/files/js/optimized/js_WmhavmnC0K35xZ9vLX51qtRqFT74puvZXIMWnNUYpbM.HmKlReEYCiV9GnfhxV81WuXqMJ6i6CJEQgYJrzlXRtw0559.js]
[www.gcad.net/sites/g/files/qhldwo10936/files/js/optimized/js_pCqeI411sVqMjF7f2fKhUUOV4yKaxxQp7FHSELuxGGc.2g5bmie0CWfVbbOg32zvwXHEUfmS0mqFc0I_Z7vrtvMfe04.js]
[www.gcad.net/modules/contrib/google_tag/js/gtag81e2.js]
[www.gcad.net/sites/g/files/qhldwo10936/files/js/optimized/js_ezwJb8QjKN82W11Y2widYXtFt5DfOo-fgZxIg_9sAik.s0ftg9DcYKonxRNsyujPK8mZFoHu6DwZvsB0967odSIfe04.js]
[www.gcad.net/modules/contrib/google_tag/js/gtm81e2.js]
[unpkg.com/tabbable@6.3.0/dist/index.umd.js]
[unpkg.com/focus-trap@7.6.6/dist/focus-trap.umd.js]
[www.gcad.net/sites/g/files/qhldwo10936/files/js/optimized/js_1h5CQIoBI2XdL_2xDByEN7QZglJO5V5EnTwpEAX1e7I.8BwI3nxC_OdBnX_pXcnxyWWULCNn-in4KcLloXninYAfe04.js]
[www.gcad.net/sites/g/files/qhldwo10936/files/js/optimized/js_nKlW0s1eP3bGjyfbSHP4guHgnuCQ2V_IbkgMZ4UdzO4.MTHCcdAQ1524jW6nLa3EtNqF_1TujsKyr8qksEY7n6wfe04.js]
[www.gcad.net/sites/g/files/qhldwo10936/files/js/optimized/js_KKcnkUdYKB53TMNVsf6RrHXCgsIpqtdkf2utxTGblLc.ynu_A6j2Wzd1B6Vw6BTQ8qyocstdbrEa04BlYLcbHiEfe04.js]
[www.gcad.net/sites/g/files/qhldwo10936/files/js/optimized/js_3V5UYvHeGVCTCI6-0G9MShZMkOTjpmWzauUa17REJYg.Skr0Jc5GUKefc-pdZvCEo932Y2orIBO4a5uHTzer7YMfe04.js]
[www.gcad.net/sites/g/files/qhldwo10936/files/js/optimized/js_7SLROedAOygMVqhG50yRRbiZ1w7AmAy9Wx63Se_hrEo.RHHoh3qOJXKfC_izkCzBQeHAM9lKs2tMLnwwXJQddecfe04.js]
[www.gcad.net/sites/g/files/qhldwo10936/files/js/optimized/js_3PPDECkkWmZprRXP5fGfqH5tOkTJcwB21__r7fjPUh4.FM0QEgk5sXswUR2j_HZSngwH1zEUr0v2J8mHf-3nglsfe04.js]
[www.gcad.net/sites/g/files/qhldwo10936/files/js/optimized/js_GrQl3TMVBdSFgif7bkvIVoCWbf9SY3sm8jianc5MBYI.a7xJmtDE8RvIy3x-q9FvAIJ1W6CbYZd3rd0FQNL3Q-sfe04.js]
[www.gcad.net/sites/g/files/qhldwo10936/files/js/optimized/js_4bZGp8eSSkr0AcYEB06FWt2zMZLqDhKxz6gEhKnO5X0.-_wJjs2BWnIoDstNCjVUMdohPAm1Cb6KMFLzNQnyetsfe04.js]
[www.gcad.net/sites/g/files/qhldwo10936/files/js/optimized/js_dOdL6MKe8Xi7Kps6emaAgxWRpDXYc7U7glpIUKIBOiA.XAp-Kcb5FZvnj1DJvOdVsSEE04SX1ckhOvPcQwTj6hofe04.js]
[www.gcad.net/sites/g/files/qhldwo10936/files/js/optimized/js_YSBqDrGfkyMrsn-wT-lty4BnE7uEji7vl0zKC_-Z0BE.oLTnTHb9AUCZyGIMu_xYoE6Miz_LA_c24mSOzHiEwxUfe04.js]
[www.gcad.net/sites/g/files/qhldwo10936/files/js/optimized/js__TF0_87cNnB7zfFuH5jalW1RMKzKj__FtRNXnDln7eA.LbmYeeNvT-Bo1K2wExK2EJO_Hm8zkO7p3Daf1NdLzbMfe04.js]
[www.gcad.net/sites/g/files/qhldwo10936/themes/site/themes/custom/otsuka_gcad/images/HandsMobile@2x.jpg]
[www.gcad.net/documents/01US23EUC0445 GCAD - Cost of Untreated Agitation.pdf]
[www.gcad.net/sites/g/files/qhldwo10936/files/Cost_of_Untreated_Agitation_in_Alzheimer.png]
[www.gcad.net/documents/Hear Our Voices - GCAD-Report-6.16.21.pdf]
[www.gcad.net/sites/g/files/qhldwo10936/files/Hear Our Voices logo_1.png]
[www.gcad.net/documents/Cost of Untreated Agitation White Paper.pdf]
[www.gcad.net/sites/g/files/qhldwo10936/files/Thumbnail for Cost Paper.png]
[www.gcad.net/documents/patNavModel_0.pdf]
[www.gcad.net/sites/g/files/qhldwo10936/files/patnav_1.jpg]
[www.gcad.net/documents/disruptingAz.pdf]
[www.gcad.net/sites/g/files/qhldwo10936/files/disrupting_0.jpg]
[www.gcad.net/documents/azJourney.pdf]
[www.gcad.net/sites/g/files/qhldwo10936/files/azjourney_0.jpg]
[www.gcad.net/documents/gcadJourney.pdf]
[www.gcad.net/sites/g/files/qhldwo10936/files/gcadjourney_0.jpg]
[www.gcad.net/documents/threePillars.pdf]
[www.gcad.net/sites/g/files/qhldwo10936/files/pillars_0.jpg]
[www.gcad.net/documents/stateOfAd.pdf]
[www.gcad.net/sites/g/files/qhldwo10936/files/state_0.jpg]
[www.gcad.net/documents/alzheimerDisease.pdf]
[www.gcad.net/sites/g/files/qhldwo10936/files/disrupting_bpsd_0.jpg]
[www.gcad.net/documents/mentalIllness.pdf]
[www.gcad.net/sites/g/files/qhldwo10936/files/disrupting_mental_illness_0_0.jpg]
[www.gcad.net/sites/g/files/qhldwo10936/themes/site/themes/custom/otsuka_gcad/images/logo_large@2x.png]
[www.gcad.net/sites/g/files/qhldwo10936/files/js/optimized/js_5lyEgtuYzFbknt789sXbvgY6WOEBhn68zCRaGR5wIJc.pydd31qeaVwnZ7zmVFZER7RdslYTSa4L05Z96Bj0rpAfe04.js]
[www.gcad.net/sites/g/files/qhldwo10936/files/js/optimized/js_1woVuTYaOTc9db19BvtYERQ-r3zrWbaX8Iy9t_Z2qoM.pMTBYmavvxWwegzqwJmMmmYVLsQ3cxiWBi9yq_dxzNMe0a5.js]
[www.gcad.net/sites/g/files/qhldwo10936/files/js/optimized/js_G8podNJjOsxKvo_RVe4-f79_ME43boCp5OhhwF87kOc.CmHewv09bU-2iMTQUA9fYmgUfGdx8v6eCV0c0HTKVv0fe04.js]
[www.gcad.net/sites/g/files/qhldwo10936/files/js/optimized/js_RpLV1j1SEgkAOBNxIxvzKXRlefOlhPa03lpGt46bJEg.ipSHo_VRPfgKJstENA8BEd0ZaAk6UUuLrs-5LtKGyFwfe04.js]
[www.gcad.net/sites/g/files/qhldwo10936/files/js/optimized/js_mFzUkjUxStqgHC8aG7xRbdL6fE1PCi6EiNgqsEIWhqc.akPIL5F6ygowEntokyWY4_Tg4pNQtEi97UIJcojA29M81e2.js]
[www.gcad.net/sites/g/files/qhldwo10936/files/js/optimized/js_dgld6FZx50RT47qjiA1Llqo1V9zCwrvgpUlNCtZX_9U.9ggyQaihWujMt8SzPW76uT3pa7pPTsNAiehUdt8b9Vofe04.js]
[www.gcad.net/sites/g/files/qhldwo10936/files/js/optimized/js_cuNnWw_kVAf6INn3rPXg9Q05ZmPAx9RJ-tNvt15JZgQ._sSoPWyuViDtILsYAf3lDTmAoEU_1dBwfcTASd1RZ1E81e2.js]
[www.gcad.net/index.html]
[www.gcad.net/sites/g/files/qhldwo10936/files/css/optimized/css_97htjIvQ15V1EfeTASftshiMIzLS36LIXVDogWwnlWQ.IJ5KA0xBsRRaiRPaWB6Sh9PN3WKo_EsNIYaw8SqYqYc81e2.css]
[www.gcad.net/sites/g/files/qhldwo10936/files/css/optimized/css_Zru9LBZ0sAXcjonUFHSutTAZkU-sNKpHr1JGBQ4FyU0.bkPvoFYCA2Lixa4KISvTdT3EKjCHiKrtKcE261byVx081e2.css]
[www.gcad.net/sites/g/files/qhldwo10936/files/css/optimized/css_kzULKG5pzGyNLykluQb5oDJTQPcLlJKzZ5imyM6J1h8.b9DwpaiAlb0lsM657D5Lniy-cPNAkk4Cxr45yy473q481e2.css]
[www.gcad.net/sites/g/files/qhldwo10936/files/css/optimized/css_uI2FntcPi0s7LE7aVRLFPdaOjEJ2AvgJxZxn7U_KEpU.uS1FFwOJYeXSeF3bIVSvkMkrHh5opqqW_F79rAx63B081e2.css]
[www.gcad.net/sites/g/files/qhldwo10936/files/css/optimized/css_LyrrR6JZO8eTCViUPzg899V1r3IBqMYsy9zQoA-d_xo.Awf46AhlxtFml2KQ8H4-E0dZzxzlJb1Ua0P5_ptOC4k81e2.css]
[www.gcad.net/sites/g/files/qhldwo10936/files/css/optimized/css_YuXFCqJ6Mh9c2Lz522vxxQKwCuYdi4B4eglcgrxGnjc.xk_yrolxl9EFVCS6-YD3__eEEiB4lkwtBVMLZeTfMbA81e2.css]
[www.gcad.net/sites/g/files/qhldwo10936/files/css/optimized/css_Awu9YtmWu_taaaaJKswYqKQEUWlATiU0b-9Ka6etFfU.pYA92qiAPS662AtCQt6lMeZYgkI683UmfkdP-4BIymA81e2.css]
[www.gcad.net/core/misc/throbber-active.gif]
[www.gcad.net/core/misc/loading-small.gif]
[www.gcad.net/sites/g/files/qhldwo10936/files/css/optimized/css_yIJuzHvo1e460jlmqttlj52OMZk0ZV7QmKCy-1vP5ZI.qAT_vNKdppWlPfwRvdNPIJfErkIfxMw2j_eesucANOI81e2.css]
[www.gcad.net/sites/g/files/qhldwo10936/files/css/optimized/css_xnDYBl4OD9snX7Sf9EyJ9VkzRg71lff1OegyGLU8z1w.l_5ZkiCBh5EcPa_3_oVW7iVMoKNAq5rw47oEzn5A4uM81e2.css]
[www.gcad.net/sites/g/files/qhldwo10936/files/css/optimized/css_gfUtLDXi72df47AexuJ-vm_wJb2QkME0vEvBnJxO6dA.x5nsh_uKblK9k6iDq9xx7vDex30jZc5ML0YXij4JCf081e2.css]
[www.gcad.net/sites/g/files/qhldwo10936/files/css/optimized/css_CYXnyo1qFoxHAoBBNsSqN8PVNbP8sxeQ_LtauZ50Wgs.g1uXGwNn2HpE6NbJGbnMjYWIh7kyfoVz_UhSlBh2o3s81e2.css]
[www.gcad.net/sites/g/files/qhldwo10936/files/css/optimized/css_QF7anExUIQ9m7lRlQYpqk7QebuejK_k7Tyzw3UgZ-hg.PZJw_IXbQZH7i6WEC-FHNDBoI3_PTyzLEmC7wWy4oTU81e2.css]
[www.gcad.net/sites/g/files/qhldwo10936/files/css/optimized/css_7QllbjqoprdCwoIdo3V7DWqJKkTBOzMJn-xZmsutiww.8xdGy7dXc6zJNYRxgF4k0vgBhKloby5N-_V1MMOlg8A81e2.css]
[www.gcad.net/sites/g/files/qhldwo10936/files/css/optimized/css_hnJTGN1fzih_ZZssV428NML2NhpFxXlJrqaLNgE8CHo.F9pmb7LygmrpoeT1fXJA7PaAVf2oWybBXF5F5Eihki481e2.css]
[www.gcad.net/sites/g/files/qhldwo10936/files/css/optimized/css__13fw7LchbE-h7zw4b3GPIwiFWcaKaefv7L39uOe9so.KNMtBlCBCom77JyoWGB48Q3ueDS7rzZa_7XYX8jrDaA81e2.css]
[www.gcad.net/sites/g/files/qhldwo10936/files/css/optimized/css_0jPT-BWLonFoD1a1XPcxcniBn9WgukRnniaE-xYrMIs.eYuzxX6GcmG8wPZRhL7aCvvGdgilCJbuAMMEoRSvz4o81e2.css]
[www.gcad.net/sites/g/files/qhldwo10936/files/css/optimized/css_wcTRp4Ty5SGu4F6Mj_Src4xCVH1pAn1ZKdFhbgibbUI.Sk-ip5PYfIjxUJ83DbxAtt7sIYi2qRj5I2X4c7e8Vm081e2.css]
[www.gcad.net/sites/g/files/qhldwo10936/files/css/optimized/css_XYJeCymlgeYq2fA8gUC7CjnYFGGkur-vgRftab7u22k.kpMc62oK0cmz6PxvM1ud_W8MfI7jbwibsQJBwUKnj6o81e2.css]
[www.gcad.net/sites/g/files/qhldwo10936/files/css/optimized/css_GbvmbJJu3etNuvRxzgpArn9FbrGIPob5sKfVZm03KVw.b0Zuw7zuYwqRxAI1V79cTc_023d639V2bQ6KyuEtbY081e2.css]
[www.gcad.net/sites/g/files/qhldwo10936/files/css/optimized/css_Q6hS9heFRWwmGWvo9WsD_D6nDHdUaUnYt6sC6_oX9L8.KZBkzzAnxe-rSrbfNF3hMC36Vi24PspRllNxk4SA9Ww81e2.css]
[www.gcad.net/core/misc/icons/e32700/error.svg]
[www.gcad.net/core/misc/icons/e29700/warning.svg]
[www.gcad.net/sites/g/files/qhldwo10936/files/css/optimized/css_41w6dBZ448pJSogyLgoToui9MDm8KnZHhhxIUFUonds.PQ-2T_xzJKQYbbkpGgIM9A4s115DO680EaZM47Z16XI81e2.css]
[www.gcad.net/sites/g/files/qhldwo10936/files/css/optimized/css_JCU_zSqQm3rvBIXWevl-Uch6AS6Fms27h_AxAbdSM2A.2mNgp1qsab5wdrSlpKLQv707xKZ0u6LnqctpgDVxkVk81e2.css]
[www.gcad.net/sites/g/files/qhldwo10936/files/css/optimized/css__7a65Qsn2GbI6R4HiSGaSbf2n93vUm8S71hKr7aus8Y.0Qb5zpcCHmzpoF5ZOnDsfklWZn6rg3JsnrG0c7cJ-4481e2.css]
[www.gcad.net/core/misc/icons/73b355/check.svg]
[www.gcad.net/core/misc/icons/787878/twistie-down.svg]
[www.gcad.net/sites/g/files/qhldwo10936/files/css/optimized/css_PRpLCpZQr4zTfafBQvuU6Ai1fdWr3UHToA3uiawHjkM.fLPfLB0XwmNrMgpuaRfK4T-BBNy7nDIXycFgFzdHoEQ81e2.css]
[www.gcad.net/sites/g/files/qhldwo10936/files/css/optimized/css_Z-5TKx9kThxW5rYM3vQRCBc8GEdIN_NvKS9iqhDQafw.RyxC-gT9frmBMijOhY3C3K32AabFm7-q9HkDsnP6XHU81e2.css]
[www.gcad.net/core/misc/icons/787878/twistie-up.svg]
[www.gcad.net/sites/g/files/qhldwo10936/files/css/optimized/css_J1lQYKYhpIiK8P4eGYJvqHE2PPBW6oId9rGfX7rFUiw.qRl6AMEfxdNg-zeeUUD1GjzMIpwP1nPX8-wq_uTiFII81e2.css]
[www.gcad.net/sites/g/files/qhldwo10936/files/css/optimized/css_Q7zLgQvyD3dkOHXnT2wFwjtThfQupYWs-a29sqLPi4I.NBaa9xsCtF_rCNvid3JjjAs77Sb-JtnwFbAZvmTkOJs81e2.css]
[www.gcad.net/modules/contrib/video_embed_field/css/icons/play.svg]
[www.gcad.net/modules/custom/otsuka_privacy_compliant_media/img/video-play-btn-mobile.svg]
[www.gcad.net/modules/custom/otsuka_privacy_compliant_media/img/video-play-btn.svg]
[www.gcad.net/modules/custom/otsuka_privacy_compliant_media/img/buzzsprout-placeholder.png]
[www.gcad.net/sites/g/files/qhldwo10936/files/css/optimized/css_B_2jVuT6jLLyb7aSeSEqk36PnVz0mEI5zK7uqVBaJLw.smsRBGGy-MttVliRuPwj_TEI4mBHLeiSE32C0BkTq6M81e2.css]
[www.gcad.net/modules/custom/otsuka_privacy_compliant_media/img/orbita-chat-bubble.svg]
[www.gcad.net/core/assets/vendor/jquery.ui/themes/base/images/ui-icons_444444_256x240.png]
[www.gcad.net/core/assets/vendor/jquery.ui/themes/base/images/ui-icons_555555_256x240.png]
[www.gcad.net/core/assets/vendor/jquery.ui/themes/base/images/ui-icons_ffffff_256x240.png]
[www.gcad.net/core/assets/vendor/jquery.ui/themes/base/images/ui-icons_777620_256x240.png]
[www.gcad.net/core/assets/vendor/jquery.ui/themes/base/images/ui-icons_cc0000_256x240.png]
[www.gcad.net/core/assets/vendor/jquery.ui/themes/base/images/ui-icons_777777_256x240.png]
[www.gcad.net/sites/g/files/qhldwo10936/files/css/optimized/css_kJqax_RkZBAk2I3Nq_rTD9LHc0oMwWKlanYK42ORIfM.zTSiciBJCN04ULznc2T1MWG59Py-6ONyTHVVm-YCHX481e2.css]
[www.gcad.net/sites/g/files/qhldwo10936/files/css/optimized/css_CSxE5qYkqMlaVhFB0jJAM-86GAsfAnl0wrovl4NfFG0.DaUM_zVwiieQ2sBFfs3D5S48gRyu-TwnT7PzlOfotr881e2.css]
[www.gcad.net/sites/g/files/qhldwo10936/files/css/optimized/css_Ts6R3PZ23i51RrkqO2kHiOkmMjtHXc4LAxymrkRYHJU.aDAH_auKRbY7hJrg3kPo67gUx-0XL8m80toxeBhSIgk81e2.css]
[www.gcad.net/sites/g/files/qhldwo10936/files/css/optimized/css_NrhZksH0mpB_Z1mEG3JAAVlhorj_vR53sBr8CbnXrt8.pIHdqyXYdCBq8fVzcRXbcwNqGb-JxClilipvdPEDYgg81e2.css]
[www.gcad.net/sites/g/files/qhldwo10936/files/css/optimized/css_6qC19qpLmnu6cATcAftXQxBkKC8Q_sYV_nHJ4v9BjZ8.CYi2dzVNhTkNUB6lRfHiHC_lDkaLul6MPkEBHxCPmsA81e2.css]
[www.gcad.net/core/misc/icons/e32700/error.svg]
[www.gcad.net/core/misc/icons/e29700/warning.svg]
[www.gcad.net/core/misc/icons/73b355/check.svg]
[www.gcad.net/core/misc/icons/787878/twistie-down.svg]
[www.gcad.net/core/misc/icons/787878/twistie-up.svg]
[www.gcad.net/modules/contrib/video_embed_field/css/icons/play.svg]
[www.gcad.net/modules/custom/otsuka_privacy_compliant_media/img/video-play-btn-mobile.svg]
[www.gcad.net/modules/custom/otsuka_privacy_compliant_media/img/video-play-btn.svg]
[www.gcad.net/modules/custom/otsuka_privacy_compliant_media/img/orbita-chat-bubble.svg]
